<?xml version="1.0" encoding="UTF-8"?>
<testsuite name="de.phonebook.tests.HomePageTests" tests="1" skipped="0" failures="0" errors="0" timestamp="2026-08-18T10:57:55.954Z" hostname="MY-COMP11" time="0.207">
  <properties/>
  <testcase name="isHomeComponentPresentTest" classname="de.phonebook.tests.HomePageTests" time="0.012"/>
  <system-out><![CDATA[12:57:56.066 [Test worker] INFO  de.phonebook.core.TestBase -- Start test isHomeComponentPresentTest with data: []
12:57:56.166 [Test worker] INFO  de.phonebook.core.TestBase -- PASSED: isHomeComponentPresentTest
12:57:56.167 [Test worker] INFO  de.phonebook.core.TestBase -- Stop test
12:57:56.167 [Test worker] INFO  de.phonebook.core.TestBase -- **********************************
]]></system-out>
  <system-err><![CDATA[]]></system-err>
</testsuite>
